<?xml version="1.0" encoding="UTF-8"?>
<testsuite name="com.telran.remindly.tests.MainPageTests" tests="1" skipped="0" failures="0" errors="0" timestamp="2022-10-09T20:20:46" hostname="DESKTOP-62VSDD3" time="0.003">
  <properties/>
  <testcase name="launchAppTest" classname="com.telran.remindly.tests.MainPageTests" time="0.003"/>
  <system-out><![CDATA[App launch!
]]></system-out>
  <system-err><![CDATA[SLF4J: Failed to load class "org.slf4j.impl.StaticLoggerBinder".
SLF4J: Defaulting to no-operation (NOP) logger implementation
SLF4J: See http://www.slf4j.org/codes.html#StaticLoggerBinder for further details.
]]></system-err>
</testsuite>
